2025-06-24 09:06:09 INFO  [restartedMain] i.u.siw_libro.SiwLibroApplication - Starting SiwLibroApplication using Java 24.0.1 with PID 21364 (C:\Users\guido\Desktop\Siw-Libro\ReadHub\target\classes started by guido in C:\Users\guido\Desktop\Siw-Libro\ReadHub)
2025-06-24 09:06:09 INFO  [restartedMain] i.u.siw_libro.SiwLibroApplication - No active profile set, falling back to 1 default profile: "default"
2025-06-24 09:06:16 INFO  [restartedMain] i.u.siw_libro.SiwLibroApplication - Started SiwLibroApplication in 7.254 seconds (process running for 7.705)
2025-06-24 09:10:24 INFO  [http-nio-8080-exec-4] i.u.s.h.CustomLogoutSuccessHandler - Logout avvenuto con successo per l'utente: Leo98
2025-06-24 09:25:04 INFO  [restartedMain] i.u.siw_libro.SiwLibroApplication - Starting SiwLibroApplication using Java 24.0.1 with PID 20536 (C:\Users\guido\Desktop\Siw-Libro\ReadHub\target\classes started by guido in C:\Users\guido\Desktop\Siw-Libro\ReadHub)
2025-06-24 09:25:04 INFO  [restartedMain] i.u.siw_libro.SiwLibroApplication - No active profile set, falling back to 1 default profile: "default"
2025-06-24 09:25:09 INFO  [restartedMain] i.u.siw_libro.SiwLibroApplication - Started SiwLibroApplication in 4.98 seconds (process running for 5.396)
2025-06-24 09:25:16 INFO  [restartedMain] i.u.siw_libro.SiwLibroApplication - Starting SiwLibroApplication using Java 24.0.1 with PID 16656 (C:\Users\guido\Desktop\Siw-Libro\ReadHub\target\classes started by guido in C:\Users\guido\Desktop\Siw-Libro\ReadHub)
2025-06-24 09:25:16 INFO  [restartedMain] i.u.siw_libro.SiwLibroApplication - No active profile set, falling back to 1 default profile: "default"
2025-06-24 09:26:15 INFO  [http-nio-8080-exec-3] i.u.s.controller.LibroController - Libro: Hitler: A Biography modificato da admin: gui98
2025-06-24 09:26:55 INFO  [http-nio-8080-exec-10] i.u.s.controller.LibroController - Libro: The Age of Empire modificato da admin: gui98
2025-06-24 09:38:52 INFO  [http-nio-8080-exec-1] i.u.s.controller.CategoriaController - Categoria: Dystopian Fiction Contemporanea creata da admin: gui98
2025-06-24 09:40:03 INFO  [http-nio-8080-exec-4] i.u.s.controller.AutoreController - Autore: Margaret  Atwood creato da admin: gui98
2025-06-24 09:41:02 INFO  [http-nio-8080-exec-9] i.u.s.controller.AutoreController - Autore: Kazuo Ishiguro creato da admin: gui98
2025-06-24 09:44:28 INFO  [http-nio-8080-exec-2] i.u.s.controller.LibroController - Libro: The Handmaid’s Tale creato da admin: gui98
2025-06-24 09:45:20 INFO  [http-nio-8080-exec-6] i.u.s.controller.LibroController - Libro: Never Let Me Go creato da admin: gui98
2025-06-24 09:47:25 INFO  [http-nio-8080-exec-4] i.u.s.h.CustomLogoutSuccessHandler - Logout avvenuto con successo per l'utente: gui98
2025-06-24 09:51:30 INFO  [http-nio-8080-exec-2] i.u.s.controller.UtenteController - L'utente: Leo98 ha appena lasciato una recensione in merito al libro: American Gods
2025-06-24 09:53:15 INFO  [http-nio-8080-exec-7] i.u.s.controller.UtenteController - L'utente: Leo98 ha appena lasciato una recensione in merito al libro: Good Omens
2025-06-24 09:54:07 INFO  [http-nio-8080-exec-5] i.u.s.controller.UtenteController - L'utente: Leo98 ha appena lasciato una recensione in merito al libro: A Wizard of Earthsea
2025-06-24 10:00:57 INFO  [restartedMain] i.u.siw_libro.SiwLibroApplication - Starting SiwLibroApplication using Java 24.0.1 with PID 20536 (C:\Users\guido\Desktop\Siw-Libro\ReadHub\target\classes started by guido in C:\Users\guido\Desktop\Siw-Libro\ReadHub)
2025-06-24 10:00:57 INFO  [restartedMain] i.u.siw_libro.SiwLibroApplication - No active profile set, falling back to 1 default profile: "default"
2025-06-24 10:00:58 INFO  [restartedMain] i.u.siw_libro.SiwLibroApplication - Started SiwLibroApplication in 1.252 seconds (process running for 2154.467)
2025-06-24 10:01:05 INFO  [restartedMain] i.u.siw_libro.SiwLibroApplication - Starting SiwLibroApplication using Java 24.0.1 with PID 20536 (C:\Users\guido\Desktop\Siw-Libro\ReadHub\target\classes started by guido in C:\Users\guido\Desktop\Siw-Libro\ReadHub)
2025-06-24 10:01:05 INFO  [restartedMain] i.u.siw_libro.SiwLibroApplication - No active profile set, falling back to 1 default profile: "default"
2025-06-24 10:01:06 INFO  [restartedMain] i.u.siw_libro.SiwLibroApplication - Started SiwLibroApplication in 0.853 seconds (process running for 2162.906)
2025-06-24 10:02:13 INFO  [restartedMain] i.u.siw_libro.SiwLibroApplication - Starting SiwLibroApplication using Java 24.0.1 with PID 20536 (C:\Users\guido\Desktop\Siw-Libro\ReadHub\target\classes started by guido in C:\Users\guido\Desktop\Siw-Libro\ReadHub)
2025-06-24 10:02:13 INFO  [restartedMain] i.u.siw_libro.SiwLibroApplication - No active profile set, falling back to 1 default profile: "default"
2025-06-24 10:02:14 INFO  [restartedMain] i.u.siw_libro.SiwLibroApplication - Started SiwLibroApplication in 0.84 seconds (process running for 2230.89)
2025-06-24 10:02:52 INFO  [restartedMain] i.u.siw_libro.SiwLibroApplication - Starting SiwLibroApplication using Java 24.0.1 with PID 20536 (C:\Users\guido\Desktop\Siw-Libro\ReadHub\target\classes started by guido in C:\Users\guido\Desktop\Siw-Libro\ReadHub)
2025-06-24 10:02:52 INFO  [restartedMain] i.u.siw_libro.SiwLibroApplication - No active profile set, falling back to 1 default profile: "default"
2025-06-24 10:02:53 INFO  [restartedMain] i.u.siw_libro.SiwLibroApplication - Started SiwLibroApplication in 0.945 seconds (process running for 2270.028)
2025-06-24 10:03:20 INFO  [restartedMain] i.u.siw_libro.SiwLibroApplication - Starting SiwLibroApplication using Java 24.0.1 with PID 20536 (C:\Users\guido\Desktop\Siw-Libro\ReadHub\target\classes started by guido in C:\Users\guido\Desktop\Siw-Libro\ReadHub)
2025-06-24 10:03:20 INFO  [restartedMain] i.u.siw_libro.SiwLibroApplication - No active profile set, falling back to 1 default profile: "default"
2025-06-24 10:03:21 INFO  [restartedMain] i.u.siw_libro.SiwLibroApplication - Started SiwLibroApplication in 0.797 seconds (process running for 2297.321)
2025-06-24 10:04:25 INFO  [restartedMain] i.u.siw_libro.SiwLibroApplication - Starting SiwLibroApplication using Java 24.0.1 with PID 20536 (C:\Users\guido\Desktop\Siw-Libro\ReadHub\target\classes started by guido in C:\Users\guido\Desktop\Siw-Libro\ReadHub)
2025-06-24 10:04:25 INFO  [restartedMain] i.u.siw_libro.SiwLibroApplication - No active profile set, falling back to 1 default profile: "default"
2025-06-24 10:04:26 INFO  [restartedMain] i.u.siw_libro.SiwLibroApplication - Started SiwLibroApplication in 0.818 seconds (process running for 2362.931)
2025-06-24 10:04:41 INFO  [restartedMain] i.u.siw_libro.SiwLibroApplication - Starting SiwLibroApplication using Java 24.0.1 with PID 20536 (C:\Users\guido\Desktop\Siw-Libro\ReadHub\target\classes started by guido in C:\Users\guido\Desktop\Siw-Libro\ReadHub)
2025-06-24 10:04:41 INFO  [restartedMain] i.u.siw_libro.SiwLibroApplication - No active profile set, falling back to 1 default profile: "default"
2025-06-24 10:04:42 INFO  [restartedMain] i.u.siw_libro.SiwLibroApplication - Started SiwLibroApplication in 0.727 seconds (process running for 2378.771)
2025-06-24 10:06:28 INFO  [restartedMain] i.u.siw_libro.SiwLibroApplication - Starting SiwLibroApplication using Java 24.0.1 with PID 20536 (C:\Users\guido\Desktop\Siw-Libro\ReadHub\target\classes started by guido in C:\Users\guido\Desktop\Siw-Libro\ReadHub)
2025-06-24 10:06:28 INFO  [restartedMain] i.u.siw_libro.SiwLibroApplication - No active profile set, falling back to 1 default profile: "default"
2025-06-24 10:06:29 INFO  [restartedMain] i.u.siw_libro.SiwLibroApplication - Started SiwLibroApplication in 0.74 seconds (process running for 2485.506)
2025-06-24 10:08:17 INFO  [restartedMain] i.u.siw_libro.SiwLibroApplication - Starting SiwLibroApplication using Java 24.0.1 with PID 20536 (C:\Users\guido\Desktop\Siw-Libro\ReadHub\target\classes started by guido in C:\Users\guido\Desktop\Siw-Libro\ReadHub)
2025-06-24 10:08:17 INFO  [restartedMain] i.u.siw_libro.SiwLibroApplication - No active profile set, falling back to 1 default profile: "default"
2025-06-24 10:08:18 INFO  [restartedMain] i.u.siw_libro.SiwLibroApplication - Started SiwLibroApplication in 0.839 seconds (process running for 2594.588)
2025-06-24 10:10:48 INFO  [restartedMain] i.u.siw_libro.SiwLibroApplication - Starting SiwLibroApplication using Java 24.0.1 with PID 20536 (C:\Users\guido\Desktop\Siw-Libro\ReadHub\target\classes started by guido in C:\Users\guido\Desktop\Siw-Libro\ReadHub)
2025-06-24 10:10:48 INFO  [restartedMain] i.u.siw_libro.SiwLibroApplication - No active profile set, falling back to 1 default profile: "default"
2025-06-24 10:10:49 INFO  [restartedMain] i.u.siw_libro.SiwLibroApplication - Started SiwLibroApplication in 0.749 seconds (process running for 2745.284)
2025-06-24 10:10:58 INFO  [restartedMain] i.u.siw_libro.SiwLibroApplication - Starting SiwLibroApplication using Java 24.0.1 with PID 20536 (C:\Users\guido\Desktop\Siw-Libro\ReadHub\target\classes started by guido in C:\Users\guido\Desktop\Siw-Libro\ReadHub)
2025-06-24 10:10:58 INFO  [restartedMain] i.u.siw_libro.SiwLibroApplication - No active profile set, falling back to 1 default profile: "default"
2025-06-24 10:10:59 INFO  [restartedMain] i.u.siw_libro.SiwLibroApplication - Started SiwLibroApplication in 0.683 seconds (process running for 2755.614)
2025-06-24 10:11:15 INFO  [restartedMain] i.u.siw_libro.SiwLibroApplication - Starting SiwLibroApplication using Java 24.0.1 with PID 20536 (C:\Users\guido\Desktop\Siw-Libro\ReadHub\target\classes started by guido in C:\Users\guido\Desktop\Siw-Libro\ReadHub)
2025-06-24 10:11:15 INFO  [restartedMain] i.u.siw_libro.SiwLibroApplication - No active profile set, falling back to 1 default profile: "default"
2025-06-24 10:11:15 INFO  [restartedMain] i.u.siw_libro.SiwLibroApplication - Started SiwLibroApplication in 0.749 seconds (process running for 2772.179)
2025-06-24 10:11:23 INFO  [restartedMain] i.u.siw_libro.SiwLibroApplication - Starting SiwLibroApplication using Java 24.0.1 with PID 20536 (C:\Users\guido\Desktop\Siw-Libro\ReadHub\target\classes started by guido in C:\Users\guido\Desktop\Siw-Libro\ReadHub)
2025-06-24 10:11:23 INFO  [restartedMain] i.u.siw_libro.SiwLibroApplication - No active profile set, falling back to 1 default profile: "default"
2025-06-24 10:11:24 INFO  [restartedMain] i.u.siw_libro.SiwLibroApplication - Started SiwLibroApplication in 0.757 seconds (process running for 2780.556)
2025-06-24 10:11:30 INFO  [restartedMain] i.u.siw_libro.SiwLibroApplication - Starting SiwLibroApplication using Java 24.0.1 with PID 20536 (C:\Users\guido\Desktop\Siw-Libro\ReadHub\target\classes started by guido in C:\Users\guido\Desktop\Siw-Libro\ReadHub)
2025-06-24 10:11:30 INFO  [restartedMain] i.u.siw_libro.SiwLibroApplication - No active profile set, falling back to 1 default profile: "default"
2025-06-24 10:11:31 INFO  [restartedMain] i.u.siw_libro.SiwLibroApplication - Started SiwLibroApplication in 0.62 seconds (process running for 2787.751)
2025-06-24 10:37:14 INFO  [restartedMain] i.u.siw_libro.SiwLibroApplication - Starting SiwLibroApplication using Java 24.0.1 with PID 192 (C:\Users\guido\Desktop\Siw-Libro\ReadHub\target\classes started by guido in C:\Users\guido\Desktop\Siw-Libro\ReadHub)
2025-06-24 10:37:14 INFO  [restartedMain] i.u.siw_libro.SiwLibroApplication - No active profile set, falling back to 1 default profile: "default"
2025-06-24 10:37:19 INFO  [restartedMain] i.u.siw_libro.SiwLibroApplication - Started SiwLibroApplication in 5.254 seconds (process running for 5.634)
2025-06-24 10:44:28 INFO  [http-nio-8080-exec-1] i.u.s.h.CustomLogoutSuccessHandler - Logout avvenuto con successo per l'utente: Leo98
2025-06-24 12:01:41 INFO  [restartedMain] i.u.siw_libro.SiwLibroApplication - Starting SiwLibroApplication using Java 24.0.1 with PID 21908 (C:\Users\guido\Desktop\Siw-Libro\ReadHub\target\classes started by guido in C:\Users\guido\Desktop\Siw-Libro\ReadHub)
2025-06-24 12:01:41 INFO  [restartedMain] i.u.siw_libro.SiwLibroApplication - No active profile set, falling back to 1 default profile: "default"
2025-06-24 12:01:46 INFO  [restartedMain] i.u.siw_libro.SiwLibroApplication - Started SiwLibroApplication in 5.358 seconds (process running for 5.873)
